13:58:13.78 [INFO] handling request: `--pants-bin-name=./pants --pants-version=2.2.0`
13:58:14.87 [INFO] request completed: `--pants-bin-name=./pants --pants-version=2.2.0`
13:58:23.13 [INFO] notify invalidation: cleared 2 and dirtied 2 nodes for: {"", "pants.toml"}
13:58:23.13 [ERROR] saw filesystem changes covered by invalidation globs: content changed (<pants.engine.internals.native_engine.PyDigest object at 0x10b8bd370> fs <pants.engine.internals.native_engine.PyDigest object at 0x10b8bd370>). terminating the daemon.
13:58:23.14 [INFO] notify invalidation: cleared 2 and dirtied 2 nodes for: {"", "pants.toml"}
13:58:23.14 [INFO] notify invalidation: cleared 0 and dirtied 0 nodes for: {"pants.toml", ""}
13:58:23.87 [ERROR] service failure for <pants.pantsd.service.scheduler_service.SchedulerService object at 0x10b8c62d0>.
13:58:23.87 [INFO] Waiting for ongoing runs to complete before exiting...
13:58:23.87 [INFO] Server exiting with Ok(())
13:58:23.87 [INFO] Exiting pantsd
13:58:28.84 [INFO] handling request: `--pants-bin-name=./pants --pants-version=2.2.0`
13:58:30.06 [INFO] request completed: `--pants-bin-name=./pants --pants-version=2.2.0`
13:58:36.32 [INFO] handling request: `--pants-bin-name=./pants --pants-version=2.2.0 typecheck`
13:58:36.44 [INFO] request completed: `--pants-bin-name=./pants --pants-version=2.2.0 typecheck`
13:58:52.27 [INFO] handling request: `--pants-bin-name=./pants --pants-version=2.2.0 test`
13:58:52.40 [INFO] request completed: `--pants-bin-name=./pants --pants-version=2.2.0 test`
13:59:03.79 [INFO] notify invalidation: cleared 2 and dirtied 2 nodes for: {"pants.toml", ""}
13:59:03.79 [ERROR] saw filesystem changes covered by invalidation globs: content changed (<pants.engine.internals.native_engine.PyDigest object at 0x1111a85b0> fs <pants.engine.internals.native_engine.PyDigest object at 0x1111a85b0>). terminating the daemon.
13:59:03.80 [INFO] notify invalidation: cleared 2 and dirtied 2 nodes for: {"", "pants.toml"}
13:59:03.80 [INFO] notify invalidation: cleared 0 and dirtied 0 nodes for: {"pants.toml", ""}
13:59:03.99 [ERROR] service failure for <pants.pantsd.service.scheduler_service.SchedulerService object at 0x110e46dd0>.
13:59:03.99 [INFO] Waiting for ongoing runs to complete before exiting...
13:59:03.99 [INFO] Server exiting with Ok(())
13:59:03.99 [INFO] Exiting pantsd
13:59:06.58 [INFO] handling request: `--pants-bin-name=./pants --pants-version=2.2.0 test`
13:59:07.71 [INFO] request completed: `--pants-bin-name=./pants --pants-version=2.2.0 test`
13:59:22.93 [INFO] notify invalidation: cleared 2 and dirtied 2 nodes for: {"", "pants.toml"}
13:59:22.94 [INFO] notify invalidation: cleared 2 and dirtied 2 nodes for: {"", "pants.toml"}
13:59:22.94 [INFO] Filesystem changed during run: retrying `PySnapshot` in 500ms...
13:59:23.23 [ERROR] saw filesystem changes covered by invalidation globs: content changed (<pants.engine.internals.native_engine.PyDigest object at 0x103510970> fs <pants.engine.internals.native_engine.PyDigest object at 0x103510970>). terminating the daemon.
13:59:23.64 [ERROR] service failure for <pants.pantsd.service.scheduler_service.SchedulerService object at 0x1034f4150>.
13:59:23.64 [INFO] Waiting for ongoing runs to complete before exiting...
13:59:23.64 [INFO] Server exiting with Ok(())
13:59:23.64 [INFO] Exiting pantsd
14:00:30.80 [INFO] handling request: `--pants-bin-name=./pants --pants-version=2.2.0 targets`
14:00:31.99 [INFO] request completed: `--pants-bin-name=./pants --pants-version=2.2.0 targets`
14:00:37.56 [INFO] handling request: `--pants-bin-name=./pants --pants-version=2.2.0 help`
14:00:37.71 [INFO] request completed: `--pants-bin-name=./pants --pants-version=2.2.0 help`
14:00:47.80 [INFO] handling request: `--pants-bin-name=./pants --pants-version=2.2.0 help targets`
14:00:47.97 [INFO] request completed: `--pants-bin-name=./pants --pants-version=2.2.0 help targets`
14:00:53.78 [INFO] handling request: `--pants-bin-name=./pants --pants-version=2.2.0 help goals`
14:00:53.98 [INFO] request completed: `--pants-bin-name=./pants --pants-version=2.2.0 help goals`
14:01:01.15 [INFO] handling request: `--pants-bin-name=./pants --pants-version=2.2.0 roots`
14:01:01.28 [INFO] request completed: `--pants-bin-name=./pants --pants-version=2.2.0 roots`
14:01:09.33 [INFO] handling request: `--pants-bin-name=./pants --pants-version=2.2.0 list ::`
14:01:09.48 [INFO] request completed: `--pants-bin-name=./pants --pants-version=2.2.0 list ::`
14:01:27.10 [INFO] handling request: `--pants-bin-name=./pants --pants-version=2.2.0 lint`
14:01:27.23 [INFO] request completed: `--pants-bin-name=./pants --pants-version=2.2.0 lint`
14:01:38.77 [INFO] handling request: `--pants-bin-name=./pants --pants-version=2.2.0 lint ::`
14:01:53.17 [INFO] request completed: `--pants-bin-name=./pants --pants-version=2.2.0 lint ::`
14:02:06.67 [INFO] handling request: `--pants-bin-name=./pants --pants-version=2.2.0 fmt ::`
14:02:07.89 [INFO] notify invalidation: cleared 2 and dirtied 38 nodes for: {"src/foobar", "src/foobar/foobar.py"}
14:02:07.89 [INFO] notify invalidation: cleared 1 and dirtied 20 nodes for: {"src/foobar/__init__.py", "src/foobar"}
14:02:07.89 [INFO] notify invalidation: cleared 2 and dirtied 35 nodes for: {"test/foobar", "test/foobar/foobar_test.py"}
14:02:07.89 [INFO] notify invalidation: cleared 0 and dirtied 0 nodes for: {"src/foobar/__init__.py", "src/foobar"}
14:02:07.89 [INFO] notify invalidation: cleared 0 and dirtied 0 nodes for: {"src/foobar", "src/foobar/foobar.py"}
14:02:07.89 [INFO] notify invalidation: cleared 0 and dirtied 0 nodes for: {"src/foobar/foobar.py", "src/foobar"}
14:02:07.89 [INFO] notify invalidation: cleared 0 and dirtied 0 nodes for: {"test/foobar", "test/foobar/foobar_test.py"}
14:02:07.89 [INFO] notify invalidation: cleared 0 and dirtied 0 nodes for: {"test/foobar", "test/foobar/foobar_test.py"}
14:02:07.91 [INFO] request completed: `--pants-bin-name=./pants --pants-version=2.2.0 fmt ::`
14:02:15.13 [INFO] notify invalidation: cleared 2 and dirtied 54 nodes for: {"", "pants.toml"}
14:02:15.13 [ERROR] saw filesystem changes covered by invalidation globs: content changed (<pants.engine.internals.native_engine.PyDigest object at 0x1092aa9f0> fs <pants.engine.internals.native_engine.PyDigest object at 0x1092aa9f0>). terminating the daemon.
14:02:15.13 [ERROR] service failure for <pants.pantsd.service.scheduler_service.SchedulerService object at 0x1080fe210>.
14:02:15.13 [INFO] Waiting for ongoing runs to complete before exiting...
14:02:15.13 [INFO] Server exiting with Ok(())
14:02:15.14 [INFO] Exiting pantsd
14:02:15.15 [INFO] notify invalidation: cleared 2 and dirtied 54 nodes for: {"", "pants.toml"}
14:02:15.15 [INFO] notify invalidation: cleared 0 and dirtied 0 nodes for: {"", "pants.toml"}
14:02:18.24 [INFO] handling request: `--pants-bin-name=./pants --pants-version=2.2.0 fmt ::`
14:02:22.53 [INFO] request completed: `--pants-bin-name=./pants --pants-version=2.2.0 fmt ::`
14:02:28.23 [INFO] handling request: `--pants-bin-name=./pants --pants-version=2.2.0 lint ::`
14:02:31.39 [INFO] request completed: `--pants-bin-name=./pants --pants-version=2.2.0 lint ::`
14:02:51.77 [INFO] notify invalidation: cleared 2 and dirtied 36 nodes for: {"src/foobar", "src/foobar/foobar.py"}
14:02:51.77 [INFO] notify invalidation: cleared 0 and dirtied 0 nodes for: {"src/foobar", "src/foobar/foobar.py"}
14:02:53.70 [INFO] handling request: `--pants-bin-name=./pants --pants-version=2.2.0 lint ::`
14:02:56.17 [INFO] request completed: `--pants-bin-name=./pants --pants-version=2.2.0 lint ::`
14:03:00.77 [INFO] handling request: `--pants-bin-name=./pants --pants-version=2.2.0 test ::`
14:03:12.36 [INFO] request completed: `--pants-bin-name=./pants --pants-version=2.2.0 test ::`
14:03:19.66 [INFO] handling request: `--pants-bin-name=./pants --pants-version=2.2.0 typecheck ::`
14:03:21.33 [INFO] request completed: `--pants-bin-name=./pants --pants-version=2.2.0 typecheck ::`
14:11:44.67 [INFO] notify invalidation: cleared 1 and dirtied 132 nodes for: {".git", ""}
